<?xml version="1.0" encoding="UTF-8"?>
<testng-results ignored="0" total="1" passed="1" failed="0" skipped="0">
  <reporter-output>
  </reporter-output>
  <suite started-at="2022-10-28T06:02:09Z" name="Default suite" finished-at="2022-10-28T06:02:22Z" duration-ms="12900">
    <groups>
    </groups>
    <test started-at="2022-10-28T06:02:09Z" name="Default test" finished-at="2022-10-28T06:02:22Z" duration-ms="12900">
      <class name="comTest.LoginTest">
        <test-method signature="loginTest()[pri:0, instance:comTest.LoginTest@df6620a]" started-at="2022-10-28T06:02:09Z" name="loginTest" finished-at="2022-10-28T06:02:22Z" duration-ms="12879" status="PASS">
          <reporter-output>
          </reporter-output>
        </test-method> <!-- loginTest -->
      </class> <!-- comTest.LoginTest -->
    </test> <!-- Default test -->
  </suite> <!-- Default suite -->
</testng-results>
